0 info it worked if it ends with ok
1 verbose cli [ '/usr/bin/node', '/usr/bin/npm', 'start' ]
2 info using npm@6.14.4
3 info using node@v10.19.0
4 verbose run-script [ 'prestart', 'start', 'poststart' ]
5 info lifecycle saidatech-learn-app@0.1.0~prestart: saidatech-learn-app@0.1.0
6 info lifecycle saidatech-learn-app@0.1.0~start: saidatech-learn-app@0.1.0
7 verbose lifecycle saidatech-learn-app@0.1.0~start: unsafe-perm in lifecycle true
8 verbose lifecycle saidatech-learn-app@0.1.0~start: PATH: /usr/share/npm/node_modules/npm-lifecycle/node-gyp-bin:/home/ubuntu/task/techchak-sample-react-app-1/node_modules/.bin:/usr/local/sbin:/usr/local/bin:/usr/sbin:/usr/bin:/sbin:/bin:/usr/games:/usr/local/games:/snap/bin
9 verbose lifecycle saidatech-learn-app@0.1.0~start: CWD: /home/ubuntu/task/techchak-sample-react-app-1
10 silly lifecycle saidatech-learn-app@0.1.0~start: Args: [ '-c', 'react-scripts start' ]
11 info lifecycle saidatech-learn-app@0.1.0~start: Failed to exec start script
12 verbose stack Error: saidatech-learn-app@0.1.0 start: `react-scripts start`
12 verbose stack spawn ENOENT
12 verbose stack     at ChildProcess.<anonymous> (/usr/share/npm/node_modules/npm-lifecycle/lib/spawn.js:48:18)
12 verbose stack     at ChildProcess.emit (events.js:198:13)
12 verbose stack     at maybeClose (internal/child_process.js:982:16)
12 verbose stack     at Process.ChildProcess._handle.onexit (internal/child_process.js:259:5)
13 verbose pkgid saidatech-learn-app@0.1.0
14 verbose cwd /home/ubuntu/task/techchak-sample-react-app-1
15 verbose Linux 5.15.0-1026-aws
16 verbose argv "/usr/bin/node" "/usr/bin/npm" "start"
17 verbose node v10.19.0
18 verbose npm  v6.14.4
19 error code ELIFECYCLE
20 error syscall spawn
21 error file sh
22 error errno ENOENT
23 error saidatech-learn-app@0.1.0 start: `react-scripts start`
23 error spawn ENOENT
24 error Failed at the saidatech-learn-app@0.1.0 start script.
24 error This is probably not a problem with npm. There is likely additional logging output above.
25 verbose exit [ 1, true ]
